<?xml version="1.0" encoding="UTF-8"?>
<!-- Generated by org.testng.reporters.JUnitXMLReporter -->
<testsuite ignored="0" hostname="DESKTOP-90LP3GB" failures="2" tests="3" name="SmokeTest" time="38.827" errors="0" timestamp="2024-08-28T20:24:04 IST">
  <testcase classname="com.testpackage.Homepage" name="RegionTest" time="4.396">
    <failure type="org.openqa.selenium.ElementClickInterceptedException" message="element click intercepted: Element &amp;lt;a id=&amp;quot;CybotCookiebotDialogBodyButtonAccept&amp;quot; class=&amp;quot;CybotCookiebotDialogBodyButton&amp;quot; href=&amp;quot;#&amp;quot; tabindex=&amp;quot;0&amp;quot; lang=&amp;quot;en&amp;quot; style=&amp;quot;margin-left: 2px; padding-left: 12px; padding-right: 12px;&amp;quot;&amp;gt;...&amp;lt;/a&amp;gt; is not clickable at point (70, 17). Other element would receive the click: &amp;lt;button class=&amp;quot;select-label dropdown-toggle&amp;quot; type=&amp;quot;button&amp;quot; data-toggle=&amp;quot;dropdown&amp;quot;&amp;gt;...&amp;lt;/button&amp;gt;
  (Session info: chrome=127.0.6533.100)
Build info: version: &amp;apos;4.11.0&amp;apos;, revision: &amp;apos;040bc5406b&amp;apos;
System info: os.name: &amp;apos;Windows 11&amp;apos;, os.arch: &amp;apos;amd64&amp;apos;, os.version: &amp;apos;10.0&amp;apos;, java.version: &amp;apos;17.0.10&amp;apos;
Driver info: org.openqa.selenium.chrome.ChromeDriver
Command: [7ccff8bce308260ee72acc34ea495267, clickElement {id=f.CBC033C895E6EF8297BEB154E45B4221.d.4AB255E0EBE10613110B1A3609A502E6.e.105}]
Capabilities {acceptInsecureCerts: true, browserName: chrome, browserVersion: 127.0.6533.100, chrome: {chromedriverVersion: 127.0.6533.119 (bdef6783a05..., userDataDir: C:\Users\hp\AppData\Local\T...}, fedcm:accounts: true, goog:chromeOptions: {debuggerAddress: localhost:54883}, networkConnectionEnabled: false, pageLoadStrategy: normal, platformName: windows, proxy: Proxy(), se:cdp: ws://localhost:54883/devtoo..., se:cdpVersion: 127.0.6533.100, setWindowRect: true, strictFileInteractability: false, timeouts: {implicit: 0, pageLoad: 300000, script: 30000}, unhandledPromptBehavior: dismiss and notify, webauthn:extension:credBlob: true, webauthn:extension:largeBlob: true, webauthn:extension:minPinLength: true, webauthn:extension:prf: true, webauthn:virtualAuthenticators: true}
Element: [[ChromeDriver: chrome on windows (7ccff8bce308260ee72acc34ea495267)] -&amp;gt; xpath: //a[@id=&amp;quot;CybotCookiebotDialogBodyButtonAccept&amp;quot;]]
Session ID: 7ccff8bce308260ee72acc34ea495267">
      <![CDATA[org.openqa.selenium.ElementClickInterceptedException: element click intercepted: Element <a id="CybotCookiebotDialogBodyButtonAccept" class="CybotCookiebotDialogBodyButton" href="#" tabindex="0" lang="en" style="margin-left: 2px; padding-left: 12px; padding-right: 12px;">...</a> is not clickable at point (70, 17). Other element would receive the click: <button class="select-label dropdown-toggle" type="button" data-toggle="dropdown">...</button>
  (Session info: chrome=127.0.6533.100)
Build info: version: '4.11.0', revision: '040bc5406b'
System info: os.name: 'Windows 11', os.arch: 'amd64', os.version: '10.0', java.version: '17.0.10'
Driver info: org.openqa.selenium.chrome.ChromeDriver
Command: [7ccff8bce308260ee72acc34ea495267, clickElement {id=f.CBC033C895E6EF8297BEB154E45B4221.d.4AB255E0EBE10613110B1A3609A502E6.e.105}]
Capabilities {acceptInsecureCerts: true, browserName: chrome, browserVersion: 127.0.6533.100, chrome: {chromedriverVersion: 127.0.6533.119 (bdef6783a05..., userDataDir: C:\Users\hp\AppData\Local\T...}, fedcm:accounts: true, goog:chromeOptions: {debuggerAddress: localhost:54883}, networkConnectionEnabled: false, pageLoadStrategy: normal, platformName: windows, proxy: Proxy(), se:cdp: ws://localhost:54883/devtoo..., se:cdpVersion: 127.0.6533.100, setWindowRect: true, strictFileInteractability: false, timeouts: {implicit: 0, pageLoad: 300000, script: 30000}, unhandledPromptBehavior: dismiss and notify, webauthn:extension:credBlob: true, webauthn:extension:largeBlob: true, webauthn:extension:minPinLength: true, webauthn:extension:prf: true, webauthn:virtualAuthenticators: true}
Element: [[ChromeDriver: chrome on windows (7ccff8bce308260ee72acc34ea495267)] -> xpath: //a[@id="CybotCookiebotDialogBodyButtonAccept"]]
Session ID: 7ccff8bce308260ee72acc34ea495267
at org.openqa.selenium.remote.codec.w3c.W3CHttpResponseCodec.createException(W3CHttpResponseCodec.java:200)
at org.openqa.selenium.remote.codec.w3c.W3CHttpResponseCodec.decode(W3CHttpResponseCodec.java:133)
at org.openqa.selenium.remote.codec.w3c.W3CHttpResponseCodec.decode(W3CHttpResponseCodec.java:52)
at org.openqa.selenium.remote.HttpCommandExecutor.execute(HttpCommandExecutor.java:191)
at org.openqa.selenium.remote.service.DriverCommandExecutor.invokeExecute(DriverCommandExecutor.java:196)
at org.openqa.selenium.remote.service.DriverCommandExecutor.execute(DriverCommandExecutor.java:171)
at org.openqa.selenium.remote.RemoteWebDriver.execute(RemoteWebDriver.java:518)
at org.openqa.selenium.remote.RemoteWebElement.execute(RemoteWebElement.java:224)
at org.openqa.selenium.remote.RemoteWebElement.click(RemoteWebElement.java:77)
at com.pages.HomeTest.FELogodispaly(HomeTest.java:51)
at com.testpackage.Homepage.RegionTest(Homepage.java:20)
at java.base/java.util.ArrayList.forEach(ArrayList.java:1511)
... Removed 32 stack frames]]>
    </failure>
  </testcase> <!-- RegionTest -->
  <testcase classname="com.testpackage.Homepage" name="Login" time="8.457"/>
  <testcase classname="com.testpackage.PLPTestPage" name="PLP" time="4.339">
    <failure type="org.openqa.selenium.ElementClickInterceptedException" message="element click intercepted: Element &amp;lt;a id=&amp;quot;CybotCookiebotDialogBodyButtonAccept&amp;quot; class=&amp;quot;CybotCookiebotDialogBodyButton&amp;quot; href=&amp;quot;#&amp;quot; tabindex=&amp;quot;0&amp;quot; lang=&amp;quot;en&amp;quot; style=&amp;quot;margin-left: 2px; padding-left: 12px; padding-right: 12px;&amp;quot;&amp;gt;...&amp;lt;/a&amp;gt; is not clickable at point (70, 17). Other element would receive the click: &amp;lt;button class=&amp;quot;select-label dropdown-toggle&amp;quot; type=&amp;quot;button&amp;quot; data-toggle=&amp;quot;dropdown&amp;quot;&amp;gt;...&amp;lt;/button&amp;gt;
  (Session info: chrome=127.0.6533.100)
Build info: version: &amp;apos;4.11.0&amp;apos;, revision: &amp;apos;040bc5406b&amp;apos;
System info: os.name: &amp;apos;Windows 11&amp;apos;, os.arch: &amp;apos;amd64&amp;apos;, os.version: &amp;apos;10.0&amp;apos;, java.version: &amp;apos;17.0.10&amp;apos;
Driver info: org.openqa.selenium.chrome.ChromeDriver
Command: [6b67970784a898cbd11eebbf0bdaf54d, clickElement {id=f.B41D652DC76CB74C8772B03C081AD818.d.EC5DA852C66656AB64E198F44AE1591A.e.49}]
Capabilities {acceptInsecureCerts: true, browserName: chrome, browserVersion: 127.0.6533.100, chrome: {chromedriverVersion: 127.0.6533.119 (bdef6783a05..., userDataDir: C:\Users\hp\AppData\Local\T...}, fedcm:accounts: true, goog:chromeOptions: {debuggerAddress: localhost:54944}, networkConnectionEnabled: false, pageLoadStrategy: normal, platformName: windows, proxy: Proxy(), se:cdp: ws://localhost:54944/devtoo..., se:cdpVersion: 127.0.6533.100, setWindowRect: true, strictFileInteractability: false, timeouts: {implicit: 0, pageLoad: 300000, script: 30000}, unhandledPromptBehavior: dismiss and notify, webauthn:extension:credBlob: true, webauthn:extension:largeBlob: true, webauthn:extension:minPinLength: true, webauthn:extension:prf: true, webauthn:virtualAuthenticators: true}
Element: [[ChromeDriver: chrome on windows (6b67970784a898cbd11eebbf0bdaf54d)] -&amp;gt; xpath: //a[@id=&amp;quot;CybotCookiebotDialogBodyButtonAccept&amp;quot;]]
Session ID: 6b67970784a898cbd11eebbf0bdaf54d">
      <![CDATA[org.openqa.selenium.ElementClickInterceptedException: element click intercepted: Element <a id="CybotCookiebotDialogBodyButtonAccept" class="CybotCookiebotDialogBodyButton" href="#" tabindex="0" lang="en" style="margin-left: 2px; padding-left: 12px; padding-right: 12px;">...</a> is not clickable at point (70, 17). Other element would receive the click: <button class="select-label dropdown-toggle" type="button" data-toggle="dropdown">...</button>
  (Session info: chrome=127.0.6533.100)
Build info: version: '4.11.0', revision: '040bc5406b'
System info: os.name: 'Windows 11', os.arch: 'amd64', os.version: '10.0', java.version: '17.0.10'
Driver info: org.openqa.selenium.chrome.ChromeDriver
Command: [6b67970784a898cbd11eebbf0bdaf54d, clickElement {id=f.B41D652DC76CB74C8772B03C081AD818.d.EC5DA852C66656AB64E198F44AE1591A.e.49}]
Capabilities {acceptInsecureCerts: true, browserName: chrome, browserVersion: 127.0.6533.100, chrome: {chromedriverVersion: 127.0.6533.119 (bdef6783a05..., userDataDir: C:\Users\hp\AppData\Local\T...}, fedcm:accounts: true, goog:chromeOptions: {debuggerAddress: localhost:54944}, networkConnectionEnabled: false, pageLoadStrategy: normal, platformName: windows, proxy: Proxy(), se:cdp: ws://localhost:54944/devtoo..., se:cdpVersion: 127.0.6533.100, setWindowRect: true, strictFileInteractability: false, timeouts: {implicit: 0, pageLoad: 300000, script: 30000}, unhandledPromptBehavior: dismiss and notify, webauthn:extension:credBlob: true, webauthn:extension:largeBlob: true, webauthn:extension:minPinLength: true, webauthn:extension:prf: true, webauthn:virtualAuthenticators: true}
Element: [[ChromeDriver: chrome on windows (6b67970784a898cbd11eebbf0bdaf54d)] -> xpath: //a[@id="CybotCookiebotDialogBodyButtonAccept"]]
Session ID: 6b67970784a898cbd11eebbf0bdaf54d
at org.openqa.selenium.remote.codec.w3c.W3CHttpResponseCodec.createException(W3CHttpResponseCodec.java:200)
at org.openqa.selenium.remote.codec.w3c.W3CHttpResponseCodec.decode(W3CHttpResponseCodec.java:133)
at org.openqa.selenium.remote.codec.w3c.W3CHttpResponseCodec.decode(W3CHttpResponseCodec.java:52)
at org.openqa.selenium.remote.HttpCommandExecutor.execute(HttpCommandExecutor.java:191)
at org.openqa.selenium.remote.service.DriverCommandExecutor.invokeExecute(DriverCommandExecutor.java:196)
at org.openqa.selenium.remote.service.DriverCommandExecutor.execute(DriverCommandExecutor.java:171)
at org.openqa.selenium.remote.RemoteWebDriver.execute(RemoteWebDriver.java:518)
at org.openqa.selenium.remote.RemoteWebElement.execute(RemoteWebElement.java:224)
at org.openqa.selenium.remote.RemoteWebElement.click(RemoteWebElement.java:77)
at com.pages.HomeTest.FELogodispaly(HomeTest.java:51)
at com.pages.PLPPages.Categories(PLPPages.java:29)
at com.testpackage.PLPTestPage.PLP(PLPTestPage.java:17)
at java.base/java.util.ArrayList.forEach(ArrayList.java:1511)
... Removed 32 stack frames]]>
    </failure>
  </testcase> <!-- PLP -->
</testsuite> <!-- SmokeTest -->
