<?xml version="1.0" encoding="UTF-8"?>
<!-- Generated by org.testng.reporters.JUnitXMLReporter -->
<testsuite ignored="0" hostname="DESKTOP-90LP3GB" failures="0" tests="4" name="SmokeTest" time="145.6" errors="0" timestamp="2024-09-11T16:02:28 IST">
  <testcase classname="com.testpackage.Homepage" name="RegionTest" time="21.332"/>
  <testcase classname="com.testpackage.Homepage" name="Login" time="9.062"/>
  <testcase classname="com.testpackage.PLPTestPage" name="PLP" time="30.124"/>
  <testcase classname="com.testpackage.Login" name="Registration" time="19.461"/>
</testsuite> <!-- SmokeTest -->
