<?xml version="1.0" encoding="UTF-8"?>
<!-- Generated by org.testng.reporters.JUnitXMLReporter -->
<testsuite ignored="0" hostname="DESKTOP-90LP3GB" failures="0" tests="4" name="Test" time="105.346" errors="0" timestamp="2024-09-11T16:10:55 IST">
  <testcase classname="com.testpackage.Homepage" name="RegionTest" time="14.728"/>
  <testcase classname="com.testpackage.Homepage" name="Login" time="6.868"/>
  <testcase classname="com.testpackage.PLPTestPage" name="PLP" time="17.166"/>
  <testcase classname="com.testpackage.Login" name="Registration" time="22.649"/>
</testsuite> <!-- Test -->
