<?xml version="1.0" encoding="UTF-8"?>
<!-- Generated by org.testng.reporters.JUnitXMLReporter -->
<testsuite ignored="0" hostname="DESKTOP-90LP3GB" failures="0" tests="4" name="SmokeTest" time="138.388" errors="0" timestamp="2024-09-11T13:24:03 IST">
  <testcase classname="com.testpackage.Homepage" name="RegionTest" time="15.701"/>
  <testcase classname="com.testpackage.Homepage" name="Login" time="7.891"/>
  <testcase classname="com.testpackage.PLPTestPage" name="PLP" time="36.048"/>
  <testcase classname="com.testpackage.Login" name="Registration" time="16.811"/>
</testsuite> <!-- SmokeTest -->
