<?xml version="1.0" encoding="UTF-8"?>
<testsuite xmlns:xsi="http://www.w3.org/2001/XMLSchema-instance" xsi:noNamespaceSchemaLocation="https://maven.apache.org/surefire/maven-surefire-plugin/xsd/surefire-test-report-3.0.xsd" version="3.0" name="TestSuite" time="139.422" tests="4" errors="0" skipped="0" failures="0">
  <properties>
[...]
</properties>
  <testcase name="RegionTest[diode](1)" classname="com.testpackage.Homepage" time="15.926">
    <system-out><![CDATA[Log Info: Setting upthe Browser
.cls-1{fill:#737373;} Asia Pacific | USD ($)
Region & Currency
Asia Pacific
Americas
Europe, Middle East, Africa
English
Language
English
Search Results "DIODE"
]]></system-out>
    <system-err><![CDATA[SLF4J: Failed to load class "org.slf4j.impl.StaticLoggerBinder".
SLF4J: Defaulting to no-operation (NOP) logger implementation
SLF4J: See http://www.slf4j.org/codes.html#StaticLoggerBinder for further details.
ERROR StatusLogger Log4j2 could not find a logging implementation. Please add log4j-core to the classpath. Using SimpleLogger to log to the console...
Sep 11, 2024 1:21:57 PM org.openqa.selenium.devtools.CdpVersionFinder findNearestMatch
WARNING: Unable to find CDP implementation matching 128
Sep 11, 2024 1:21:57 PM org.openqa.selenium.chromium.ChromiumDriver lambda$new$5
WARNING: Unable to find version of CDP to use for 128.0.6613.120. You may need to include a dependency on a specific version of the CDP using something similar to `org.seleniumhq.selenium:selenium-devtools-v86:4.11.0` where the version ("v86") matches the version of the chromium-based browser you're using and the version number of the artifact is the same as Selenium's.
]]></system-err>
  </testcase>
  <testcase name="Login[jyothi.reddy+2008@borngroup.com, Jyothi@12](1)" classname="com.testpackage.Homepage" time="8.288"/>
  <testcase name="PLP" classname="com.testpackage.PLPTestPage" time="36.168">
    <system-out><![CDATA[Log Info: Setting upthe Browser
Listed Categories are: Analog
ST1S10PUR
CAT4104VP2-GT3
TL061CDT
TPS56121DQPR
MC33064D-5G
LM358DMR2G
MC33771BSP1AE
MCP4651T-103E/ST
ADC0838CCN/NOPB
L7980TR
BD99011EFV-ME2
LD39050PUR
DG2733EDQ-T1-GE3
CT431-HSWF50MR
AP7361C-FGE-7
MP3387LGRT-Z
IRS2104STRPBF
TS431IZT
TLC1543IDW
TSC213ICT
CC2D23S
TLV5628CDW
STM6779LWB6F
ID82C54
TPS60150DRVR
]]></system-out>
    <system-err><![CDATA[Sep 11, 2024 1:22:38 PM org.openqa.selenium.devtools.CdpVersionFinder findNearestMatch
WARNING: Unable to find CDP implementation matching 128
Sep 11, 2024 1:22:38 PM org.openqa.selenium.chromium.ChromiumDriver lambda$new$5
WARNING: Unable to find version of CDP to use for 128.0.6613.120. You may need to include a dependency on a specific version of the CDP using something similar to `org.seleniumhq.selenium:selenium-devtools-v86:4.11.0` where the version ("v86") matches the version of the chromium-based browser you're using and the version number of the artifact is the same as Selenium's.
]]></system-err>
  </testcase>
  <testcase name="Registration[Jyothi, Reddy, jyothi.reddy+2008apac@borngroup.com, Jyothi@12, Jyothi@12](1)" classname="com.testpackage.Login" time="16.925">
    <system-out><![CDATA[Log Info: Setting upthe Browser
is enabled checkingtrue
is enabled checkingtrue
]]></system-out>
    <system-err><![CDATA[Sep 11, 2024 1:23:37 PM org.openqa.selenium.devtools.CdpVersionFinder findNearestMatch
WARNING: Unable to find CDP implementation matching 128
Sep 11, 2024 1:23:37 PM org.openqa.selenium.chromium.ChromiumDriver lambda$new$5
WARNING: Unable to find version of CDP to use for 128.0.6613.120. You may need to include a dependency on a specific version of the CDP using something similar to `org.seleniumhq.selenium:selenium-devtools-v86:4.11.0` where the version ("v86") matches the version of the chromium-based browser you're using and the version number of the artifact is the same as Selenium's.
]]></system-err>
  </testcase>
</testsuite>