<?xml version="1.0" encoding="UTF-8"?>
<testng-results ignored="0" total="5" passed="4" failed="1" skipped="0">
  <reporter-output>
    <line>
      <![CDATA[Log Info: Setting upthe Browser]]>
    </line>
    <line>
      <![CDATA[Log Info : Browser is up and running]]>
    </line>
    <line>
      <![CDATA[Browser closed]]>
    </line>
    <line>
      <![CDATA[Log Info: Setting upthe Browser]]>
    </line>
    <line>
      <![CDATA[Log Info : Browser is up and running]]>
    </line>
    <line>
      <![CDATA[Browser closed]]>
    </line>
    <line>
      <![CDATA[Log Info: Setting upthe Browser]]>
    </line>
    <line>
      <![CDATA[Log Info : Browser is up and running]]>
    </line>
    <line>
      <![CDATA[Browser closed]]>
    </line>
    <line>
      <![CDATA[Log Info: Setting upthe Browser]]>
    </line>
    <line>
      <![CDATA[Log Info : Browser is up and running]]>
    </line>
    <line>
      <![CDATA[Browser closed]]>
    </line>
  </reporter-output>
  <suite started-at="2024-09-16T12:47:58 IST" name="Suite" finished-at="2024-09-16T12:53:28 IST" duration-ms="330206">
    <groups>
    </groups>
    <test started-at="2024-09-16T12:47:58 IST" name="Test" finished-at="2024-09-16T12:53:28 IST" duration-ms="330206">
      <class name="com.testpackage.PDPTest">
        <test-method is-config="true" signature="setup()[pri:0, instance:com.testpackage.PDPTest@177bea38]" started-at="2024-09-16T12:51:44 IST" name="setup" finished-at="2024-09-16T12:51:52 IST" duration-ms="8309" status="PASS">
          <reporter-output>
            <line>
              <![CDATA[Log Info: Setting upthe Browser]]>
            </line>
            <line>
              <![CDATA[Log Info : Browser is up and running]]>
            </line>
          </reporter-output>
        </test-method> <!-- setup -->
        <test-method signature="PDP_Addtocart()[pri:0, instance:com.testpackage.PDPTest@177bea38]" started-at="2024-09-16T12:51:52 IST" name="PDP_Addtocart" finished-at="2024-09-16T12:53:28 IST" duration-ms="95330" status="PASS">
          <reporter-output>
          </reporter-output>
        </test-method> <!-- PDP_Addtocart -->
        <test-method is-config="true" signature="tearDown()[pri:0, instance:com.testpackage.PDPTest@177bea38]" started-at="2024-09-16T12:53:28 IST" name="tearDown" finished-at="2024-09-16T12:53:28 IST" duration-ms="235" status="PASS">
          <reporter-output>
            <line>
              <![CDATA[Browser closed]]>
            </line>
          </reporter-output>
        </test-method> <!-- tearDown -->
      </class> <!-- com.testpackage.PDPTest -->
      <class name="com.testpackage.Login">
        <test-method is-config="true" signature="setup()[pri:0, instance:com.testpackage.Login@ee86bcb]" started-at="2024-09-16T12:50:31 IST" name="setup" finished-at="2024-09-16T12:50:38 IST" duration-ms="6930" status="PASS">
          <reporter-output>
            <line>
              <![CDATA[Log Info: Setting upthe Browser]]>
            </line>
            <line>
              <![CDATA[Log Info : Browser is up and running]]>
            </line>
          </reporter-output>
        </test-method> <!-- setup -->
        <test-method signature="Registration(java.lang.String,java.lang.String,java.lang.String,java.lang.String,java.lang.String)[pri:0, instance:com.testpackage.Login@ee86bcb]" started-at="2024-09-16T12:50:38 IST" name="Registration" data-provider="TestingData" finished-at="2024-09-16T12:51:44 IST" duration-ms="65609" status="FAIL">
          <params>
            <param index="0">
              <value>
                <![CDATA[Jyothi]]>
              </value>
            </param>
            <param index="1">
              <value>
                <![CDATA[Reddy]]>
              </value>
            </param>
            <param index="2">
              <value>
                <![CDATA[jyothi.reddy+2008apac@borngroup.com]]>
              </value>
            </param>
            <param index="3">
              <value>
                <![CDATA[Jyothi@12]]>
              </value>
            </param>
            <param index="4">
              <value>
                <![CDATA[Jyothi@12]]>
              </value>
            </param>
          </params>
          <exception class="org.openqa.selenium.NoSuchElementException">
            <message>
              <![CDATA[no such element: Unable to locate element: {"method":"xpath","selector":"//input[@name='firstName']"}
  (Session info: chrome=128.0.6613.120)
For documentation on this error, please visit: https://www.selenium.dev/documentation/webdriver/troubleshooting/errors#no-such-element-exception
Build info: version: '4.11.0', revision: '040bc5406b'
System info: os.name: 'Windows 11', os.arch: 'amd64', os.version: '10.0', java.version: '17.0.10'
Driver info: org.openqa.selenium.chrome.ChromeDriver
Command: [073ec3b583b512d66595e53dab1426b7, findElement {using=xpath, value=//input[@name='firstName']}]
Capabilities {acceptInsecureCerts: true, browserName: chrome, browserVersion: 128.0.6613.120, chrome: {chromedriverVersion: 128.0.6613.137 (fe621c5aa2d..., userDataDir: C:\Users\hp\AppData\Local\T...}, fedcm:accounts: true, goog:chromeOptions: {debuggerAddress: localhost:63531}, networkConnectionEnabled: false, pageLoadStrategy: normal, platformName: windows, proxy: Proxy(), se:cdp: ws://localhost:63531/devtoo..., se:cdpVersion: 128.0.6613.120, setWindowRect: true, strictFileInteractability: false, timeouts: {implicit: 0, pageLoad: 300000, script: 30000}, unhandledPromptBehavior: dismiss and notify, webauthn:extension:credBlob: true, webauthn:extension:largeBlob: true, webauthn:extension:minPinLength: true, webauthn:extension:prf: true, webauthn:virtualAuthenticators: true}
Session ID: 073ec3b583b512d66595e53dab1426b7]]>
            </message>
            <full-stacktrace>
              <![CDATA[org.openqa.selenium.NoSuchElementException: no such element: Unable to locate element: {"method":"xpath","selector":"//input[@name='firstName']"}
  (Session info: chrome=128.0.6613.120)
For documentation on this error, please visit: https://www.selenium.dev/documentation/webdriver/troubleshooting/errors#no-such-element-exception
Build info: version: '4.11.0', revision: '040bc5406b'
System info: os.name: 'Windows 11', os.arch: 'amd64', os.version: '10.0', java.version: '17.0.10'
Driver info: org.openqa.selenium.chrome.ChromeDriver
Command: [073ec3b583b512d66595e53dab1426b7, findElement {using=xpath, value=//input[@name='firstName']}]
Capabilities {acceptInsecureCerts: true, browserName: chrome, browserVersion: 128.0.6613.120, chrome: {chromedriverVersion: 128.0.6613.137 (fe621c5aa2d..., userDataDir: C:\Users\hp\AppData\Local\T...}, fedcm:accounts: true, goog:chromeOptions: {debuggerAddress: localhost:63531}, networkConnectionEnabled: false, pageLoadStrategy: normal, platformName: windows, proxy: Proxy(), se:cdp: ws://localhost:63531/devtoo..., se:cdpVersion: 128.0.6613.120, setWindowRect: true, strictFileInteractability: false, timeouts: {implicit: 0, pageLoad: 300000, script: 30000}, unhandledPromptBehavior: dismiss and notify, webauthn:extension:credBlob: true, webauthn:extension:largeBlob: true, webauthn:extension:minPinLength: true, webauthn:extension:prf: true, webauthn:virtualAuthenticators: true}
Session ID: 073ec3b583b512d66595e53dab1426b7
at java.base/jdk.internal.reflect.NativeConstructorAccessorImpl.newInstance0(Native Method)
at java.base/jdk.internal.reflect.NativeConstructorAccessorImpl.newInstance(NativeConstructorAccessorImpl.java:77)
at java.base/jdk.internal.reflect.DelegatingConstructorAccessorImpl.newInstance(DelegatingConstructorAccessorImpl.java:45)
at java.base/java.lang.reflect.Constructor.newInstanceWithCaller(Constructor.java:499)
at java.base/java.lang.reflect.Constructor.newInstance(Constructor.java:480)
at org.openqa.selenium.remote.codec.w3c.W3CHttpResponseCodec.createException(W3CHttpResponseCodec.java:200)
at org.openqa.selenium.remote.codec.w3c.W3CHttpResponseCodec.decode(W3CHttpResponseCodec.java:133)
at org.openqa.selenium.remote.codec.w3c.W3CHttpResponseCodec.decode(W3CHttpResponseCodec.java:52)
at org.openqa.selenium.remote.HttpCommandExecutor.execute(HttpCommandExecutor.java:191)
at org.openqa.selenium.remote.service.DriverCommandExecutor.invokeExecute(DriverCommandExecutor.java:196)
at org.openqa.selenium.remote.service.DriverCommandExecutor.execute(DriverCommandExecutor.java:171)
at org.openqa.selenium.remote.RemoteWebDriver.execute(RemoteWebDriver.java:518)
at org.openqa.selenium.remote.ElementLocation$ElementFinder$2.findElement(ElementLocation.java:165)
at org.openqa.selenium.remote.ElementLocation.findElement(ElementLocation.java:59)
at org.openqa.selenium.remote.RemoteWebDriver.findElement(RemoteWebDriver.java:355)
at org.openqa.selenium.remote.RemoteWebDriver.findElement(RemoteWebDriver.java:349)
at com.pages.Login_Page.registration(Login_Page.java:47)
at com.testpackage.Login.Registration(Login.java:20)
at java.base/jdk.internal.reflect.NativeMethodAccessorImpl.invoke0(Native Method)
at java.base/jdk.internal.reflect.NativeMethodAccessorImpl.invoke(NativeMethodAccessorImpl.java:77)
at java.base/jdk.internal.reflect.DelegatingMethodAccessorImpl.invoke(DelegatingMethodAccessorImpl.java:43)
at java.base/java.lang.reflect.Method.invoke(Method.java:568)
at org.testng.internal.invokers.MethodInvocationHelper.invokeMethod(MethodInvocationHelper.java:139)
at org.testng.internal.invokers.TestInvoker.invokeMethod(TestInvoker.java:677)
at org.testng.internal.invokers.TestInvoker.invokeTestMethod(TestInvoker.java:221)
at org.testng.internal.invokers.MethodRunner.runInSequence(MethodRunner.java:50)
at org.testng.internal.invokers.TestInvoker$MethodInvocationAgent.invoke(TestInvoker.java:969)
at org.testng.internal.invokers.TestInvoker.invokeTestMethods(TestInvoker.java:194)
at org.testng.internal.invokers.TestMethodWorker.invokeTestMethods(TestMethodWorker.java:148)
at org.testng.internal.invokers.TestMethodWorker.run(TestMethodWorker.java:128)
at java.base/java.util.ArrayList.forEach(ArrayList.java:1511)
at org.testng.TestRunner.privateRun(TestRunner.java:829)
at org.testng.TestRunner.run(TestRunner.java:602)
at org.testng.SuiteRunner.runTest(SuiteRunner.java:437)
at org.testng.SuiteRunner.runSequentially(SuiteRunner.java:431)
at org.testng.SuiteRunner.privateRun(SuiteRunner.java:391)
at org.testng.SuiteRunner.run(SuiteRunner.java:330)
at org.testng.SuiteRunnerWorker.runSuite(SuiteRunnerWorker.java:52)
at org.testng.SuiteRunnerWorker.run(SuiteRunnerWorker.java:95)
at org.testng.TestNG.runSuitesSequentially(TestNG.java:1256)
at org.testng.TestNG.runSuitesLocally(TestNG.java:1176)
at org.testng.TestNG.runSuites(TestNG.java:1099)
at org.testng.TestNG.run(TestNG.java:1067)
at org.testng.remote.AbstractRemoteTestNG.run(AbstractRemoteTestNG.java:115)
at org.testng.remote.RemoteTestNG.initAndRun(RemoteTestNG.java:251)
at org.testng.remote.RemoteTestNG.main(RemoteTestNG.java:77)
]]>
            </full-stacktrace>
          </exception> <!-- org.openqa.selenium.NoSuchElementException -->
          <reporter-output>
          </reporter-output>
        </test-method> <!-- Registration -->
        <test-method is-config="true" signature="tearDown()[pri:0, instance:com.testpackage.Login@ee86bcb]" started-at="2024-09-16T12:51:44 IST" name="tearDown" finished-at="2024-09-16T12:51:44 IST" duration-ms="255" status="PASS">
          <reporter-output>
            <line>
              <![CDATA[Browser closed]]>
            </line>
          </reporter-output>
        </test-method> <!-- tearDown -->
      </class> <!-- com.testpackage.Login -->
      <class name="com.testpackage.Homepage">
        <test-method is-config="true" signature="setup()[pri:0, instance:com.testpackage.Homepage@3a4621bd]" started-at="2024-09-16T12:47:58 IST" name="setup" finished-at="2024-09-16T12:48:44 IST" duration-ms="45766" status="PASS">
          <reporter-output>
            <line>
              <![CDATA[Log Info: Setting upthe Browser]]>
            </line>
            <line>
              <![CDATA[Log Info : Browser is up and running]]>
            </line>
          </reporter-output>
        </test-method> <!-- setup -->
        <test-method signature="RegionTest(java.lang.String)[pri:1, instance:com.testpackage.Homepage@3a4621bd]" started-at="2024-09-16T12:48:44 IST" name="RegionTest" data-provider="Search" finished-at="2024-09-16T12:49:08 IST" duration-ms="23517" status="PASS">
          <params>
            <param index="0">
              <value>
                <![CDATA[diode]]>
              </value>
            </param>
          </params>
          <reporter-output>
          </reporter-output>
        </test-method> <!-- RegionTest -->
        <test-method signature="Login(java.lang.String,java.lang.String)[pri:2, instance:com.testpackage.Homepage@3a4621bd]" started-at="2024-09-16T12:49:08 IST" name="Login" data-provider="logindata" finished-at="2024-09-16T12:49:30 IST" duration-ms="21414" status="PASS">
          <params>
            <param index="0">
              <value>
                <![CDATA[jyothi.reddy+2008@borngroup.com]]>
              </value>
            </param>
            <param index="1">
              <value>
                <![CDATA[Jyothi@12]]>
              </value>
            </param>
          </params>
          <reporter-output>
          </reporter-output>
        </test-method> <!-- Login -->
        <test-method is-config="true" signature="tearDown()[pri:0, instance:com.testpackage.Homepage@3a4621bd]" started-at="2024-09-16T12:49:30 IST" name="tearDown" finished-at="2024-09-16T12:49:30 IST" duration-ms="305" status="PASS">
          <reporter-output>
            <line>
              <![CDATA[Browser closed]]>
            </line>
          </reporter-output>
        </test-method> <!-- tearDown -->
      </class> <!-- com.testpackage.Homepage -->
      <class name="com.testpackage.PLPTestPage">
        <test-method is-config="true" signature="setup()[pri:0, instance:com.testpackage.PLPTestPage@1921ad94]" started-at="2024-09-16T12:49:30 IST" name="setup" finished-at="2024-09-16T12:49:59 IST" duration-ms="28886" status="PASS">
          <reporter-output>
            <line>
              <![CDATA[Log Info: Setting upthe Browser]]>
            </line>
            <line>
              <![CDATA[Log Info : Browser is up and running]]>
            </line>
          </reporter-output>
        </test-method> <!-- setup -->
        <test-method signature="PLP()[pri:0, instance:com.testpackage.PLPTestPage@1921ad94]" started-at="2024-09-16T12:49:59 IST" name="PLP" finished-at="2024-09-16T12:50:31 IST" duration-ms="31592" status="PASS">
          <reporter-output>
          </reporter-output>
        </test-method> <!-- PLP -->
        <test-method is-config="true" signature="tearDown()[pri:0, instance:com.testpackage.PLPTestPage@1921ad94]" started-at="2024-09-16T12:50:31 IST" name="tearDown" finished-at="2024-09-16T12:50:31 IST" duration-ms="299" status="PASS">
          <reporter-output>
            <line>
              <![CDATA[Browser closed]]>
            </line>
          </reporter-output>
        </test-method> <!-- tearDown -->
      </class> <!-- com.testpackage.PLPTestPage -->
    </test> <!-- Test -->
  </suite> <!-- Suite -->
</testng-results>
