<?xml version="1.0" encoding="UTF-8"?>
<testng-results ignored="0" total="4" passed="4" failed="0" skipped="0">
  <reporter-output>
    <line>
      <![CDATA[Log Info: Setting upthe Browser]]>
    </line>
    <line>
      <![CDATA[Log Info : Browser is up and running]]>
    </line>
    <line>
      <![CDATA[Browser closed]]>
    </line>
    <line>
      <![CDATA[Log Info: Setting upthe Browser]]>
    </line>
    <line>
      <![CDATA[Log Info : Browser is up and running]]>
    </line>
    <line>
      <![CDATA[Browser closed]]>
    </line>
    <line>
      <![CDATA[Log Info: Setting upthe Browser]]>
    </line>
    <line>
      <![CDATA[Log Info : Browser is up and running]]>
    </line>
    <line>
      <![CDATA[Dashboard reported]]>
    </line>
    <line>
      <![CDATA[Dashboard reported]]>
    </line>
    <line>
      <![CDATA[Browser closed]]>
    </line>
  </reporter-output>
  <suite started-at="2024-09-11T16:09:09 IST" name="Suite" finished-at="2024-09-11T16:10:55 IST" duration-ms="105346">
    <groups>
    </groups>
    <test started-at="2024-09-11T16:09:09 IST" name="Test" finished-at="2024-09-11T16:10:55 IST" duration-ms="105346">
      <class name="com.testpackage.Login">
        <test-method is-config="true" signature="setup()[pri:0, instance:com.testpackage.Login@10cf09e8]" started-at="2024-09-11T16:10:14 IST" name="setup" finished-at="2024-09-11T16:10:32 IST" duration-ms="17539" status="PASS">
          <reporter-output>
            <line>
              <![CDATA[Log Info: Setting upthe Browser]]>
            </line>
            <line>
              <![CDATA[Log Info : Browser is up and running]]>
            </line>
          </reporter-output>
        </test-method> <!-- setup -->
        <test-method signature="Registration(java.lang.String,java.lang.String,java.lang.String,java.lang.String,java.lang.String)[pri:0, instance:com.testpackage.Login@10cf09e8]" started-at="2024-09-11T16:10:32 IST" name="Registration" data-provider="TestingData" finished-at="2024-09-11T16:10:54 IST" duration-ms="22649" status="PASS">
          <params>
            <param index="0">
              <value>
                <![CDATA[Jyothi]]>
              </value>
            </param>
            <param index="1">
              <value>
                <![CDATA[Reddy]]>
              </value>
            </param>
            <param index="2">
              <value>
                <![CDATA[jyothi.reddy+2008apac@borngroup.com]]>
              </value>
            </param>
            <param index="3">
              <value>
                <![CDATA[Jyothi@12]]>
              </value>
            </param>
            <param index="4">
              <value>
                <![CDATA[Jyothi@12]]>
              </value>
            </param>
          </params>
          <reporter-output>
            <line>
              <![CDATA[Dashboard reported]]>
            </line>
            <line>
              <![CDATA[Dashboard reported]]>
            </line>
          </reporter-output>
        </test-method> <!-- Registration -->
        <test-method is-config="true" signature="tearDown()[pri:0, instance:com.testpackage.Login@10cf09e8]" started-at="2024-09-11T16:10:55 IST" name="tearDown" finished-at="2024-09-11T16:10:55 IST" duration-ms="243" status="PASS">
          <reporter-output>
            <line>
              <![CDATA[Browser closed]]>
            </line>
          </reporter-output>
        </test-method> <!-- tearDown -->
      </class> <!-- com.testpackage.Login -->
      <class name="com.testpackage.Homepage">
        <test-method is-config="true" signature="setup()[pri:0, instance:com.testpackage.Homepage@6eb2384f]" started-at="2024-09-11T16:09:10 IST" name="setup" finished-at="2024-09-11T16:09:21 IST" duration-ms="11915" status="PASS">
          <reporter-output>
            <line>
              <![CDATA[Log Info: Setting upthe Browser]]>
            </line>
            <line>
              <![CDATA[Log Info : Browser is up and running]]>
            </line>
          </reporter-output>
        </test-method> <!-- setup -->
        <test-method signature="RegionTest(java.lang.String)[pri:1, instance:com.testpackage.Homepage@6eb2384f]" started-at="2024-09-11T16:09:23 IST" name="RegionTest" data-provider="Search" finished-at="2024-09-11T16:09:37 IST" duration-ms="14728" status="PASS">
          <params>
            <param index="0">
              <value>
                <![CDATA[diode]]>
              </value>
            </param>
          </params>
          <reporter-output>
          </reporter-output>
        </test-method> <!-- RegionTest -->
        <test-method signature="Login(java.lang.String,java.lang.String)[pri:2, instance:com.testpackage.Homepage@6eb2384f]" started-at="2024-09-11T16:09:38 IST" name="Login" data-provider="logindata" finished-at="2024-09-11T16:09:45 IST" duration-ms="6868" status="PASS">
          <params>
            <param index="0">
              <value>
                <![CDATA[jyothi.reddy+2008@borngroup.com]]>
              </value>
            </param>
            <param index="1">
              <value>
                <![CDATA[Jyothi@12]]>
              </value>
            </param>
          </params>
          <reporter-output>
          </reporter-output>
        </test-method> <!-- Login -->
        <test-method is-config="true" signature="tearDown()[pri:0, instance:com.testpackage.Homepage@6eb2384f]" started-at="2024-09-11T16:09:45 IST" name="tearDown" finished-at="2024-09-11T16:09:45 IST" duration-ms="367" status="PASS">
          <reporter-output>
            <line>
              <![CDATA[Browser closed]]>
            </line>
          </reporter-output>
        </test-method> <!-- tearDown -->
      </class> <!-- com.testpackage.Homepage -->
      <class name="com.testpackage.PLPTestPage">
        <test-method is-config="true" signature="setup()[pri:0, instance:com.testpackage.PLPTestPage@40db2a24]" started-at="2024-09-11T16:09:45 IST" name="setup" finished-at="2024-09-11T16:09:56 IST" duration-ms="10931" status="PASS">
          <reporter-output>
            <line>
              <![CDATA[Log Info: Setting upthe Browser]]>
            </line>
            <line>
              <![CDATA[Log Info : Browser is up and running]]>
            </line>
          </reporter-output>
        </test-method> <!-- setup -->
        <test-method signature="PLP()[pri:0, instance:com.testpackage.PLPTestPage@40db2a24]" started-at="2024-09-11T16:09:56 IST" name="PLP" finished-at="2024-09-11T16:10:14 IST" duration-ms="17166" status="PASS">
          <reporter-output>
          </reporter-output>
        </test-method> <!-- PLP -->
        <test-method is-config="true" signature="tearDown()[pri:0, instance:com.testpackage.PLPTestPage@40db2a24]" started-at="2024-09-11T16:10:14 IST" name="tearDown" finished-at="2024-09-11T16:10:14 IST" duration-ms="402" status="PASS">
          <reporter-output>
            <line>
              <![CDATA[Browser closed]]>
            </line>
          </reporter-output>
        </test-method> <!-- tearDown -->
      </class> <!-- com.testpackage.PLPTestPage -->
    </test> <!-- Test -->
  </suite> <!-- Suite -->
</testng-results>
